BannerExample/app/build/intermediates/manifest_merge_blame_file/debug/manifest-merger-blame-debug-report.txt
1<?xml version="1.0" encoding="utf-8"?>
2<manifest xmlns:android="http://schemas.android.com/apk/res/android"
3    package="com.google.android.gms.example.bannerexample"
4    android:versionCode="1"
5    android:versionName="1.0" >
6
7    <uses-sdk
8        android:minSdkVersion="19"
8-->src/main/AndroidManifest.xml
9        android:targetSdkVersion="34" />
9-->src/main/AndroidManifest.xml
10
11    <!-- Include required permissions for Google Mobile Ads to run -->
12    <uses-permission android:name="android.permission.INTERNET" />
12-->[com.google.android.gms:play-services-ads-lite:22.3.0] AndroidManifest.xml:24:5-67
12-->[com.google.android.gms:play-services-ads-lite:22.3.0] AndroidManifest.xml:24:22-64
13    <uses-permission android:name="android.permission.ACCESS_NETWORK_STATE" />
13-->[com.google.android.gms:play-services-ads-lite:22.3.0] AndroidManifest.xml:25:5-79
13-->[com.google.android.gms:play-services-ads-lite:22.3.0] AndroidManifest.xml:25:22-76
14    <uses-permission android:name="com.google.android.gms.permission.AD_ID" /> <!-- Android package visibility setting -->
14-->[com.google.android.gms:play-services-ads-lite:22.3.0] AndroidManifest.xml:26:5-79
14-->[com.google.android.gms:play-services-ads-lite:22.3.0] AndroidManifest.xml:26:22-76
15    <queries>
15-->[com.google.android.gms:play-services-ads-lite:22.3.0] AndroidManifest.xml:32:5-48:15
16
17        <!-- For browser content -->
18        <intent>
18-->[com.google.android.gms:play-services-ads-lite:22.3.0] AndroidManifest.xml:35:9-41:18
19            <action android:name="android.intent.action.VIEW" />
19-->[com.google.android.gms:play-services-ads-lite:22.3.0] AndroidManifest.xml:36:13-65
19-->[com.google.android.gms:play-services-ads-lite:22.3.0] AndroidManifest.xml:36:21-62
20
21            <category android:name="android.intent.category.BROWSABLE" />
21-->[com.google.android.gms:play-services-ads-lite:22.3.0] AndroidManifest.xml:38:13-74
21-->[com.google.android.gms:play-services-ads-lite:22.3.0] AndroidManifest.xml:38:23-71
22
23            <data android:scheme="https" />
23-->[com.google.android.gms:play-services-ads-lite:22.3.0] AndroidManifest.xml:40:13-44
23-->[com.google.android.gms:play-services-ads-lite:22.3.0] AndroidManifest.xml:40:19-41
24        </intent>
25        <!-- End of browser content -->
26        <!-- For CustomTabsService -->
27        <intent>
27-->[com.google.android.gms:play-services-ads-lite:22.3.0] AndroidManifest.xml:44:9-46:18
28            <action android:name="android.support.customtabs.action.CustomTabsService" />
28-->[com.google.android.gms:play-services-ads-lite:22.3.0] AndroidManifest.xml:45:13-90
28-->[com.google.android.gms:play-services-ads-lite:22.3.0] AndroidManifest.xml:45:21-87
29        </intent>
30        <!-- End of CustomTabsService -->
31        <package android:name="com.facebook.katana" />
31-->[com.facebook.android:audience-network-sdk:6.16.0] AndroidManifest.xml:12:9-55
31-->[com.facebook.android:audience-network-sdk:6.16.0] AndroidManifest.xml:12:18-52
32    </queries>
33
34    <uses-permission android:name="android.permission.WAKE_LOCK" />
34-->[com.google.android.gms:play-services-measurement-sdk-api:20.1.2] AndroidManifest.xml:25:5-68
34-->[com.google.android.gms:play-services-measurement-sdk-api:20.1.2] AndroidManifest.xml:25:22-65
35    <uses-permission android:name="android.permission.FOREGROUND_SERVICE" />
35-->[androidx.work:work-runtime:2.7.0] AndroidManifest.xml:28:5-77
35-->[androidx.work:work-runtime:2.7.0] AndroidManifest.xml:28:22-74
36
37    <application
37-->src/main/AndroidManifest.xml:5:3-28:17
38        android:allowBackup="true"
38-->src/main/AndroidManifest.xml:6:7-33
39        android:appComponentFactory="androidx.core.app.CoreComponentFactory"
39-->[androidx.core:core:1.6.0] AndroidManifest.xml:24:18-86
40        android:debuggable="true"
41        android:icon="@mipmap/ic_launcher"
41-->src/main/AndroidManifest.xml:7:7-41
42        android:label="@string/app_name"
42-->src/main/AndroidManifest.xml:8:7-39
43        android:taskAffinity=""
43-->src/main/AndroidManifest.xml:9:7-30
44        android:testOnly="true"
45        android:theme="@style/AppTheme" >
45-->src/main/AndroidManifest.xml:10:7-38
46
47        <!-- ca-app-pub-9939518381636264~1092563270 -->
48        <!--  -->
49        <meta-data
49-->src/main/AndroidManifest.xml:14:5-16:65
50            android:name="com.google.android.gms.ads.APPLICATION_ID"
50-->src/main/AndroidManifest.xml:15:9-65
51            android:value="ca-app-pub-4179456834830998~6595252808" />
51-->src/main/AndroidManifest.xml:16:9-63
52
53        <activity
53-->src/main/AndroidManifest.xml:18:5-27:16
54            android:name="com.google.android.gms.example.bannerexample.MyActivity"
54-->src/main/AndroidManifest.xml:19:9-35
55            android:exported="true" >
55-->src/main/AndroidManifest.xml:20:9-32
56            <intent-filter>
56-->src/main/AndroidManifest.xml:22:7-26:23
57                <action android:name="android.intent.action.MAIN" />
57-->src/main/AndroidManifest.xml:23:9-61
57-->src/main/AndroidManifest.xml:23:17-58
58
59                <category android:name="android.intent.category.LAUNCHER" />
59-->src/main/AndroidManifest.xml:25:9-69
59-->src/main/AndroidManifest.xml:25:19-66
60            </intent-filter>
61        </activity>
62        <!-- Include the AdActivity and InAppPurchaseActivity configChanges and themes. -->
63        <activity
63-->[com.google.android.gms:play-services-ads-lite:22.3.0] AndroidManifest.xml:53:9-58:43
64            android:name="com.google.android.gms.ads.AdActivity"
64-->[com.google.android.gms:play-services-ads-lite:22.3.0] AndroidManifest.xml:54:13-65
65            android:configChanges="keyboard|keyboardHidden|orientation|screenLayout|uiMode|screenSize|smallestScreenSize"
65-->[com.google.android.gms:play-services-ads-lite:22.3.0] AndroidManifest.xml:55:13-122
66            android:exported="false"
66-->[com.google.android.gms:play-services-ads-lite:22.3.0] AndroidManifest.xml:56:13-37
67            android:theme="@android:style/Theme.Translucent" />
67-->[com.google.android.gms:play-services-ads-lite:22.3.0] AndroidManifest.xml:57:13-61
68
69        <provider
69-->[com.google.android.gms:play-services-ads-lite:22.3.0] AndroidManifest.xml:60:9-65:43
70            android:name="com.google.android.gms.ads.MobileAdsInitProvider"
70-->[com.google.android.gms:play-services-ads-lite:22.3.0] AndroidManifest.xml:61:13-76
71            android:authorities="com.google.android.gms.example.bannerexample.mobileadsinitprovider"
71-->[com.google.android.gms:play-services-ads-lite:22.3.0] AndroidManifest.xml:62:13-73
72            android:exported="false"
72-->[com.google.android.gms:play-services-ads-lite:22.3.0] AndroidManifest.xml:63:13-37
73            android:initOrder="100" />
73-->[com.google.android.gms:play-services-ads-lite:22.3.0] AndroidManifest.xml:64:13-36
74
75        <service
75-->[com.google.android.gms:play-services-ads-lite:22.3.0] AndroidManifest.xml:67:9-71:43
76            android:name="com.google.android.gms.ads.AdService"
76-->[com.google.android.gms:play-services-ads-lite:22.3.0] AndroidManifest.xml:68:13-64
77            android:enabled="true"
77-->[com.google.android.gms:play-services-ads-lite:22.3.0] AndroidManifest.xml:69:13-35
78            android:exported="false" />
78-->[com.google.android.gms:play-services-ads-lite:22.3.0] AndroidManifest.xml:70:13-37
79
80        <activity
80-->[com.google.android.gms:play-services-ads-lite:22.3.0] AndroidManifest.xml:73:9-77:43
81            android:name="com.google.android.gms.ads.OutOfContextTestingActivity"
81-->[com.google.android.gms:play-services-ads-lite:22.3.0] AndroidManifest.xml:74:13-82
82            android:configChanges="keyboard|keyboardHidden|orientation|screenLayout|uiMode|screenSize|smallestScreenSize"
82-->[com.google.android.gms:play-services-ads-lite:22.3.0] AndroidManifest.xml:75:13-122
83            android:exported="false" />
83-->[com.google.android.gms:play-services-ads-lite:22.3.0] AndroidManifest.xml:76:13-37
84        <activity
84-->[com.google.android.gms:play-services-base:18.0.0] AndroidManifest.xml:20:9-22:45
85            android:name="com.google.android.gms.common.api.GoogleApiActivity"
85-->[com.google.android.gms:play-services-base:18.0.0] AndroidManifest.xml:20:19-85
86            android:exported="false"
86-->[com.google.android.gms:play-services-base:18.0.0] AndroidManifest.xml:22:19-43
87            android:theme="@android:style/Theme.Translucent.NoTitleBar" />
87-->[com.google.android.gms:play-services-base:18.0.0] AndroidManifest.xml:21:19-78
88        <activity
88-->[com.facebook.android:audience-network-sdk:6.16.0] AndroidManifest.xml:20:9-24:75
89            android:name="com.facebook.ads.AudienceNetworkActivity"
89-->[com.facebook.android:audience-network-sdk:6.16.0] AndroidManifest.xml:21:13-68
90            android:configChanges="keyboardHidden|orientation|screenSize|smallestScreenSize|screenLayout"
90-->[com.facebook.android:audience-network-sdk:6.16.0] AndroidManifest.xml:22:13-106
91            android:exported="false"
91-->[com.facebook.android:audience-network-sdk:6.16.0] AndroidManifest.xml:23:13-37
92            android:theme="@android:style/Theme.Translucent.NoTitleBar" />
92-->[com.facebook.android:audience-network-sdk:6.16.0] AndroidManifest.xml:24:13-72
93
94        <provider
94-->[com.facebook.android:audience-network-sdk:6.16.0] AndroidManifest.xml:26:9-29:40
95            android:name="com.facebook.ads.AudienceNetworkContentProvider"
95-->[com.facebook.android:audience-network-sdk:6.16.0] AndroidManifest.xml:27:13-75
96            android:authorities="com.google.android.gms.example.bannerexample.AudienceNetworkContentProvider"
96-->[com.facebook.android:audience-network-sdk:6.16.0] AndroidManifest.xml:28:13-82
97            android:exported="false" />
97-->[com.facebook.android:audience-network-sdk:6.16.0] AndroidManifest.xml:29:13-37
98
99        <meta-data
99-->[com.google.android.gms:play-services-basement:18.0.0] AndroidManifest.xml:21:9-23:69
100            android:name="com.google.android.gms.version"
100-->[com.google.android.gms:play-services-basement:18.0.0] AndroidManifest.xml:22:13-58
101            android:value="@integer/google_play_services_version" />
101-->[com.google.android.gms:play-services-basement:18.0.0] AndroidManifest.xml:23:13-66
102
103        <provider
103-->[androidx.work:work-runtime:2.7.0] AndroidManifest.xml:31:9-39:20
104            android:name="androidx.startup.InitializationProvider"
104-->[androidx.work:work-runtime:2.7.0] AndroidManifest.xml:32:13-67
105            android:authorities="com.google.android.gms.example.bannerexample.androidx-startup"
105-->[androidx.work:work-runtime:2.7.0] AndroidManifest.xml:33:13-68
106            android:exported="false" >
106-->[androidx.work:work-runtime:2.7.0] AndroidManifest.xml:34:13-37
107            <meta-data
107-->[androidx.work:work-runtime:2.7.0] AndroidManifest.xml:36:13-38:52
108                android:name="androidx.work.WorkManagerInitializer"
108-->[androidx.work:work-runtime:2.7.0] AndroidManifest.xml:37:17-68
109                android:value="androidx.startup" />
109-->[androidx.work:work-runtime:2.7.0] AndroidManifest.xml:38:17-49
110        </provider>
111
112        <service
112-->[androidx.work:work-runtime:2.7.0] AndroidManifest.xml:41:9-46:35
113            android:name="androidx.work.impl.background.systemalarm.SystemAlarmService"
113-->[androidx.work:work-runtime:2.7.0] AndroidManifest.xml:42:13-88
114            android:directBootAware="false"
114-->[androidx.work:work-runtime:2.7.0] AndroidManifest.xml:43:13-44
115            android:enabled="@bool/enable_system_alarm_service_default"
115-->[androidx.work:work-runtime:2.7.0] AndroidManifest.xml:44:13-72
116            android:exported="false" />
116-->[androidx.work:work-runtime:2.7.0] AndroidManifest.xml:45:13-37
117        <service
117-->[androidx.work:work-runtime:2.7.0] AndroidManifest.xml:47:9-53:35
118            android:name="androidx.work.impl.background.systemjob.SystemJobService"
118-->[androidx.work:work-runtime:2.7.0] AndroidManifest.xml:48:13-84
119            android:directBootAware="false"
119-->[androidx.work:work-runtime:2.7.0] AndroidManifest.xml:49:13-44
120            android:enabled="@bool/enable_system_job_service_default"
120-->[androidx.work:work-runtime:2.7.0] AndroidManifest.xml:50:13-70
121            android:exported="true"
121-->[androidx.work:work-runtime:2.7.0] AndroidManifest.xml:51:13-36
122            android:permission="android.permission.BIND_JOB_SERVICE" />
122-->[androidx.work:work-runtime:2.7.0] AndroidManifest.xml:52:13-69
123        <service
123-->[androidx.work:work-runtime:2.7.0] AndroidManifest.xml:54:9-59:35
124            android:name="androidx.work.impl.foreground.SystemForegroundService"
124-->[androidx.work:work-runtime:2.7.0] AndroidManifest.xml:55:13-81
125            android:directBootAware="false"
125-->[androidx.work:work-runtime:2.7.0] AndroidManifest.xml:56:13-44
126            android:enabled="@bool/enable_system_foreground_service_default"
126-->[androidx.work:work-runtime:2.7.0] AndroidManifest.xml:57:13-77
127            android:exported="false" />
127-->[androidx.work:work-runtime:2.7.0] AndroidManifest.xml:58:13-37
128
129        <receiver
129-->[androidx.work:work-runtime:2.7.0] AndroidManifest.xml:61:9-66:35
130            android:name="androidx.work.impl.utils.ForceStopRunnable$BroadcastReceiver"
130-->[androidx.work:work-runtime:2.7.0] AndroidManifest.xml:62:13-88
131            android:directBootAware="false"
131-->[androidx.work:work-runtime:2.7.0] AndroidManifest.xml:63:13-44
132            android:enabled="true"
132-->[androidx.work:work-runtime:2.7.0] AndroidManifest.xml:64:13-35
133            android:exported="false" />
133-->[androidx.work:work-runtime:2.7.0] AndroidManifest.xml:65:13-37
134        <receiver
134-->[androidx.work:work-runtime:2.7.0] AndroidManifest.xml:67:9-77:20
135            android:name="androidx.work.impl.background.systemalarm.ConstraintProxy$BatteryChargingProxy"
135-->[androidx.work:work-runtime:2.7.0] AndroidManifest.xml:68:13-106
136            android:directBootAware="false"
136-->[androidx.work:work-runtime:2.7.0] AndroidManifest.xml:69:13-44
137            android:enabled="false"
137-->[androidx.work:work-runtime:2.7.0] AndroidManifest.xml:70:13-36
138            android:exported="false" >
138-->[androidx.work:work-runtime:2.7.0] AndroidManifest.xml:71:13-37
139            <intent-filter>
139-->[androidx.work:work-runtime:2.7.0] AndroidManifest.xml:73:13-76:29
140                <action android:name="android.intent.action.ACTION_POWER_CONNECTED" />
140-->[androidx.work:work-runtime:2.7.0] AndroidManifest.xml:74:17-87
140-->[androidx.work:work-runtime:2.7.0] AndroidManifest.xml:74:25-84
141                <action android:name="android.intent.action.ACTION_POWER_DISCONNECTED" />
141-->[androidx.work:work-runtime:2.7.0] AndroidManifest.xml:75:17-90
141-->[androidx.work:work-runtime:2.7.0] AndroidManifest.xml:75:25-87
142            </intent-filter>
143        </receiver>
144        <receiver
144-->[androidx.work:work-runtime:2.7.0] AndroidManifest.xml:78:9-88:20
145            android:name="androidx.work.impl.background.systemalarm.ConstraintProxy$BatteryNotLowProxy"
145-->[androidx.work:work-runtime:2.7.0] AndroidManifest.xml:79:13-104
146            android:directBootAware="false"
146-->[androidx.work:work-runtime:2.7.0] AndroidManifest.xml:80:13-44
147            android:enabled="false"
147-->[androidx.work:work-runtime:2.7.0] AndroidManifest.xml:81:13-36
148            android:exported="false" >
148-->[androidx.work:work-runtime:2.7.0] AndroidManifest.xml:82:13-37
149            <intent-filter>
149-->[androidx.work:work-runtime:2.7.0] AndroidManifest.xml:84:13-87:29
150                <action android:name="android.intent.action.BATTERY_OKAY" />
150-->[androidx.work:work-runtime:2.7.0] AndroidManifest.xml:85:17-77
150-->[androidx.work:work-runtime:2.7.0] AndroidManifest.xml:85:25-74
151                <action android:name="android.intent.action.BATTERY_LOW" />
151-->[androidx.work:work-runtime:2.7.0] AndroidManifest.xml:86:17-76
151-->[androidx.work:work-runtime:2.7.0] AndroidManifest.xml:86:25-73
152            </intent-filter>
153        </receiver>
154        <receiver
154-->[androidx.work:work-runtime:2.7.0] AndroidManifest.xml:89:9-99:20
155            android:name="androidx.work.impl.background.systemalarm.ConstraintProxy$StorageNotLowProxy"
155-->[androidx.work:work-runtime:2.7.0] AndroidManifest.xml:90:13-104
156            android:directBootAware="false"
156-->[androidx.work:work-runtime:2.7.0] AndroidManifest.xml:91:13-44
157            android:enabled="false"
157-->[androidx.work:work-runtime:2.7.0] AndroidManifest.xml:92:13-36
158            android:exported="false" >
158-->[androidx.work:work-runtime:2.7.0] AndroidManifest.xml:93:13-37
159            <intent-filter>
159-->[androidx.work:work-runtime:2.7.0] AndroidManifest.xml:95:13-98:29
160                <action android:name="android.intent.action.DEVICE_STORAGE_LOW" />
160-->[androidx.work:work-runtime:2.7.0] AndroidManifest.xml:96:17-83
160-->[androidx.work:work-runtime:2.7.0] AndroidManifest.xml:96:25-80
161                <action android:name="android.intent.action.DEVICE_STORAGE_OK" />
161-->[androidx.work:work-runtime:2.7.0] AndroidManifest.xml:97:17-82
161-->[androidx.work:work-runtime:2.7.0] AndroidManifest.xml:97:25-79
162            </intent-filter>
163        </receiver>
164        <receiver
164-->[androidx.work:work-runtime:2.7.0] AndroidManifest.xml:100:9-109:20
165            android:name="androidx.work.impl.background.systemalarm.ConstraintProxy$NetworkStateProxy"
165-->[androidx.work:work-runtime:2.7.0] AndroidManifest.xml:101:13-103
166            android:directBootAware="false"
166-->[androidx.work:work-runtime:2.7.0] AndroidManifest.xml:102:13-44
167            android:enabled="false"
167-->[androidx.work:work-runtime:2.7.0] AndroidManifest.xml:103:13-36
168            android:exported="false" >
168-->[androidx.work:work-runtime:2.7.0] AndroidManifest.xml:104:13-37
169            <intent-filter>
169-->[androidx.work:work-runtime:2.7.0] AndroidManifest.xml:106:13-108:29
170                <action android:name="android.net.conn.CONNECTIVITY_CHANGE" />
170-->[androidx.work:work-runtime:2.7.0] AndroidManifest.xml:107:17-79
170-->[androidx.work:work-runtime:2.7.0] AndroidManifest.xml:107:25-76
171            </intent-filter>
172        </receiver>
173        <receiver
173-->[androidx.work:work-runtime:2.7.0] AndroidManifest.xml:110:9-121:20
174            android:name="androidx.work.impl.background.systemalarm.RescheduleReceiver"
174-->[androidx.work:work-runtime:2.7.0] AndroidManifest.xml:111:13-88
175            android:directBootAware="false"
175-->[androidx.work:work-runtime:2.7.0] AndroidManifest.xml:112:13-44
176            android:enabled="false"
176-->[androidx.work:work-runtime:2.7.0] AndroidManifest.xml:113:13-36
177            android:exported="false" >
177-->[androidx.work:work-runtime:2.7.0] AndroidManifest.xml:114:13-37
178            <intent-filter>
178-->[androidx.work:work-runtime:2.7.0] AndroidManifest.xml:116:13-120:29
179                <action android:name="android.intent.action.BOOT_COMPLETED" />
179-->[androidx.work:work-runtime:2.7.0] AndroidManifest.xml:117:17-79
179-->[androidx.work:work-runtime:2.7.0] AndroidManifest.xml:117:25-76
180                <action android:name="android.intent.action.TIME_SET" />
180-->[androidx.work:work-runtime:2.7.0] AndroidManifest.xml:118:17-73
180-->[androidx.work:work-runtime:2.7.0] AndroidManifest.xml:118:25-70
181                <action android:name="android.intent.action.TIMEZONE_CHANGED" />
181-->[androidx.work:work-runtime:2.7.0] AndroidManifest.xml:119:17-81
181-->[androidx.work:work-runtime:2.7.0] AndroidManifest.xml:119:25-78
182            </intent-filter>
183        </receiver>
184        <receiver
184-->[androidx.work:work-runtime:2.7.0] AndroidManifest.xml:122:9-131:20
185            android:name="androidx.work.impl.background.systemalarm.ConstraintProxyUpdateReceiver"
185-->[androidx.work:work-runtime:2.7.0] AndroidManifest.xml:123:13-99
186            android:directBootAware="false"
186-->[androidx.work:work-runtime:2.7.0] AndroidManifest.xml:124:13-44
187            android:enabled="@bool/enable_system_alarm_service_default"
187-->[androidx.work:work-runtime:2.7.0] AndroidManifest.xml:125:13-72
188            android:exported="false" >
188-->[androidx.work:work-runtime:2.7.0] AndroidManifest.xml:126:13-37
189            <intent-filter>
189-->[androidx.work:work-runtime:2.7.0] AndroidManifest.xml:128:13-130:29
190                <action android:name="androidx.work.impl.background.systemalarm.UpdateProxies" />
190-->[androidx.work:work-runtime:2.7.0] AndroidManifest.xml:129:17-98
190-->[androidx.work:work-runtime:2.7.0] AndroidManifest.xml:129:25-95
191            </intent-filter>
192        </receiver>
193        <receiver
193-->[androidx.work:work-runtime:2.7.0] AndroidManifest.xml:132:9-142:20
194            android:name="androidx.work.impl.diagnostics.DiagnosticsReceiver"
194-->[androidx.work:work-runtime:2.7.0] AndroidManifest.xml:133:13-78
195            android:directBootAware="false"
195-->[androidx.work:work-runtime:2.7.0] AndroidManifest.xml:134:13-44
196            android:enabled="true"
196-->[androidx.work:work-runtime:2.7.0] AndroidManifest.xml:135:13-35
197            android:exported="true"
197-->[androidx.work:work-runtime:2.7.0] AndroidManifest.xml:136:13-36
198            android:permission="android.permission.DUMP" >
198-->[androidx.work:work-runtime:2.7.0] AndroidManifest.xml:137:13-57
199            <intent-filter>
199-->[androidx.work:work-runtime:2.7.0] AndroidManifest.xml:139:13-141:29
200                <action android:name="androidx.work.diagnostics.REQUEST_DIAGNOSTICS" />
200-->[androidx.work:work-runtime:2.7.0] AndroidManifest.xml:140:17-88
200-->[androidx.work:work-runtime:2.7.0] AndroidManifest.xml:140:25-85
201            </intent-filter>
202        </receiver>
203
204        <service
204-->[androidx.room:room-runtime:2.2.5] AndroidManifest.xml:25:9-28:40
205            android:name="androidx.room.MultiInstanceInvalidationService"
205-->[androidx.room:room-runtime:2.2.5] AndroidManifest.xml:26:13-74
206            android:directBootAware="true"
206-->[androidx.room:room-runtime:2.2.5] AndroidManifest.xml:27:13-43
207            android:exported="false" />
207-->[androidx.room:room-runtime:2.2.5] AndroidManifest.xml:28:13-37
208    </application>
209
210</manifest>